2014/01/24 13:23:21 [error] [exception.CDbException] could not find driver
2014/01/24 13:23:21 [error] [exception.CDbException] exception 'CDbException' with message 'CDbConnection failed to open the DB connection.' in /home/vito/Documentos/Memoria/web/emo_app/framework/db/CDbConnection.php:388
Stack trace:
#0 /home/vito/Documentos/Memoria/web/emo_app/framework/db/CDbConnection.php(330): CDbConnection->open()
#1 /home/vito/Documentos/Memoria/web/emo_app/framework/db/CDbConnection.php(308): CDbConnection->setActive(true)
#2 /home/vito/Documentos/Memoria/web/emo_app/framework/base/CModule.php(387): CDbConnection->init()
#3 /home/vito/Documentos/Memoria/web/emo_app/framework/base/CApplication.php(450): CModule->getComponent('db')
#4 /home/vito/Documentos/Memoria/web/emo_app/framework/db/ar/CActiveRecord.php(634): CApplication->getDb()
#5 /home/vito/Documentos/Memoria/web/emo_app/framework/db/ar/CActiveRecord.php(667): CActiveRecord->getDbConnection()
#6 /home/vito/Documentos/Memoria/web/emo_app/framework/db/ar/CActiveRecord.php(1595): CActiveRecord->getCommandBuilder()
#7 /home/vito/Documentos/Memoria/web/emo_app/framework/web/CActiveDataProvider.php(228): CActiveRecord->count(Object(CDbCriteria))
#8 /home/vito/Documentos/Memoria/web/emo_app/framework/web/CDataProvider.php(224): CActiveDataProvider->calculateTotalItemCount()
#9 /home/vito/Documentos/Memoria/web/emo_app/framework/web/CActiveDataProvider.php(178): CDataProvider->getTotalItemCount()
#10 /home/vito/Documentos/Memoria/web/emo_app/framework/web/CDataProvider.php(168): CActiveDataProvider->fetchData()
#11 /home/vito/Documentos/Memoria/web/emo_app/framework/zii/widgets/CBaseListView.php(111): CDataProvider->getData()
#12 /home/vito/Documentos/Memoria/web/emo_app/framework/zii/widgets/CListView.php(211): CBaseListView->init()
#13 /home/vito/Documentos/Memoria/web/emo_app/framework/web/CBaseController.php(147): CListView->init()
#14 /home/vito/Documentos/Memoria/web/emo_app/framework/web/CBaseController.php(172): CBaseController->createWidget('zii.widgets.CLi...', Array)
#15 /home/vito/Documentos/Memoria/web/emo_app/demos/blog/protected/views/post/index.php(9): CBaseController->widget('zii.widgets.CLi...', Array)
#16 /home/vito/Documentos/Memoria/web/emo_app/framework/web/CBaseController.php(126): require('/home/vito/Docu...')
#17 /home/vito/Documentos/Memoria/web/emo_app/framework/web/CBaseController.php(95): CBaseController->renderInternal('/home/vito/Docu...', Array, true)
#18 /home/vito/Documentos/Memoria/web/emo_app/framework/web/CController.php(869): CBaseController->renderFile('/home/vito/Docu...', Array, true)
#19 /home/vito/Documentos/Memoria/web/emo_app/framework/web/CController.php(782): CController->renderPartial('index', Array, true)
#20 /home/vito/Documentos/Memoria/web/emo_app/demos/blog/protected/controllers/PostController.php(136): CController->render('index', Array)
#21 /home/vito/Documentos/Memoria/web/emo_app/framework/web/actions/CInlineAction.php(49): PostController->actionIndex()
#22 /home/vito/Documentos/Memoria/web/emo_app/framework/web/CController.php(308): CInlineAction->runWithParams(Array)
#23 /home/vito/Documentos/Memoria/web/emo_app/framework/web/filters/CFilterChain.php(133): CController->runAction(Object(CInlineAction))
#24 /home/vito/Documentos/Memoria/web/emo_app/framework/web/filters/CFilter.php(40): CFilterChain->run()
#25 /home/vito/Documentos/Memoria/web/emo_app/framework/web/CController.php(1145): CFilter->filter(Object(CFilterChain))
#26 /home/vito/Documentos/Memoria/web/emo_app/framework/web/filters/CInlineFilter.php(58): CController->filterAccessControl(Object(CFilterChain))
#27 /home/vito/Documentos/Memoria/web/emo_app/framework/web/filters/CFilterChain.php(130): CInlineFilter->filter(Object(CFilterChain))
#28 /home/vito/Documentos/Memoria/web/emo_app/framework/web/CController.php(291): CFilterChain->run()
#29 /home/vito/Documentos/Memoria/web/emo_app/framework/web/CController.php(265): CController->runActionWithFilters(Object(CInlineAction), Array)
#30 /home/vito/Documentos/Memoria/web/emo_app/framework/web/CWebApplication.php(282): CController->run('')
#31 /home/vito/Documentos/Memoria/web/emo_app/framework/web/CWebApplication.php(141): CWebApplication->runController('')
#32 /home/vito/Documentos/Memoria/web/emo_app/framework/base/CApplication.php(180): CWebApplication->processRequest()
#33 /home/vito/Documentos/Memoria/web/emo_app/demos/blog/index.php(11): CApplication->run()
#34 {main}
REQUEST_URI=/emo_app/demos/blog/
HTTP_REFERER=http://localhost/emo_app/demos/
---
2014/01/24 13:23:32 [error] [exception.CDbException] could not find driver
2014/01/24 13:23:32 [error] [exception.CDbException] exception 'CDbException' with message 'CDbConnection failed to open the DB connection.' in /home/vito/Documentos/Memoria/web/emo_app/framework/db/CDbConnection.php:388
Stack trace:
#0 /home/vito/Documentos/Memoria/web/emo_app/framework/db/CDbConnection.php(330): CDbConnection->open()
#1 /home/vito/Documentos/Memoria/web/emo_app/framework/db/CDbConnection.php(308): CDbConnection->setActive(true)
#2 /home/vito/Documentos/Memoria/web/emo_app/framework/base/CModule.php(387): CDbConnection->init()
#3 /home/vito/Documentos/Memoria/web/emo_app/framework/base/CApplication.php(450): CModule->getComponent('db')
#4 /home/vito/Documentos/Memoria/web/emo_app/framework/db/ar/CActiveRecord.php(634): CApplication->getDb()
#5 /home/vito/Documentos/Memoria/web/emo_app/framework/db/ar/CActiveRecord.php(667): CActiveRecord->getDbConnection()
#6 /home/vito/Documentos/Memoria/web/emo_app/framework/db/ar/CActiveRecord.php(1595): CActiveRecord->getCommandBuilder()
#7 /home/vito/Documentos/Memoria/web/emo_app/framework/web/CActiveDataProvider.php(228): CActiveRecord->count(Object(CDbCriteria))
#8 /home/vito/Documentos/Memoria/web/emo_app/framework/web/CDataProvider.php(224): CActiveDataProvider->calculateTotalItemCount()
#9 /home/vito/Documentos/Memoria/web/emo_app/framework/web/CActiveDataProvider.php(178): CDataProvider->getTotalItemCount()
#10 /home/vito/Documentos/Memoria/web/emo_app/framework/web/CDataProvider.php(168): CActiveDataProvider->fetchData()
#11 /home/vito/Documentos/Memoria/web/emo_app/framework/zii/widgets/CBaseListView.php(111): CDataProvider->getData()
#12 /home/vito/Documentos/Memoria/web/emo_app/framework/zii/widgets/CListView.php(211): CBaseListView->init()
#13 /home/vito/Documentos/Memoria/web/emo_app/framework/web/CBaseController.php(147): CListView->init()
#14 /home/vito/Documentos/Memoria/web/emo_app/framework/web/CBaseController.php(172): CBaseController->createWidget('zii.widgets.CLi...', Array)
#15 /home/vito/Documentos/Memoria/web/emo_app/demos/blog/protected/views/post/index.php(9): CBaseController->widget('zii.widgets.CLi...', Array)
#16 /home/vito/Documentos/Memoria/web/emo_app/framework/web/CBaseController.php(126): require('/home/vito/Docu...')
#17 /home/vito/Documentos/Memoria/web/emo_app/framework/web/CBaseController.php(95): CBaseController->renderInternal('/home/vito/Docu...', Array, true)
#18 /home/vito/Documentos/Memoria/web/emo_app/framework/web/CController.php(869): CBaseController->renderFile('/home/vito/Docu...', Array, true)
#19 /home/vito/Documentos/Memoria/web/emo_app/framework/web/CController.php(782): CController->renderPartial('index', Array, true)
#20 /home/vito/Documentos/Memoria/web/emo_app/demos/blog/protected/controllers/PostController.php(136): CController->render('index', Array)
#21 /home/vito/Documentos/Memoria/web/emo_app/framework/web/actions/CInlineAction.php(49): PostController->actionIndex()
#22 /home/vito/Documentos/Memoria/web/emo_app/framework/web/CController.php(308): CInlineAction->runWithParams(Array)
#23 /home/vito/Documentos/Memoria/web/emo_app/framework/web/filters/CFilterChain.php(133): CController->runAction(Object(CInlineAction))
#24 /home/vito/Documentos/Memoria/web/emo_app/framework/web/filters/CFilter.php(40): CFilterChain->run()
#25 /home/vito/Documentos/Memoria/web/emo_app/framework/web/CController.php(1145): CFilter->filter(Object(CFilterChain))
#26 /home/vito/Documentos/Memoria/web/emo_app/framework/web/filters/CInlineFilter.php(58): CController->filterAccessControl(Object(CFilterChain))
#27 /home/vito/Documentos/Memoria/web/emo_app/framework/web/filters/CFilterChain.php(130): CInlineFilter->filter(Object(CFilterChain))
#28 /home/vito/Documentos/Memoria/web/emo_app/framework/web/CController.php(291): CFilterChain->run()
#29 /home/vito/Documentos/Memoria/web/emo_app/framework/web/CController.php(265): CController->runActionWithFilters(Object(CInlineAction), Array)
#30 /home/vito/Documentos/Memoria/web/emo_app/framework/web/CWebApplication.php(282): CController->run('index')
#31 /home/vito/Documentos/Memoria/web/emo_app/framework/web/CWebApplication.php(141): CWebApplication->runController('post/index')
#32 /home/vito/Documentos/Memoria/web/emo_app/framework/base/CApplication.php(180): CWebApplication->processRequest()
#33 /home/vito/Documentos/Memoria/web/emo_app/demos/blog/index.php(11): CApplication->run()
#34 {main}
REQUEST_URI=/emo_app/demos/blog/index.php/post/index
HTTP_REFERER=http://localhost/emo_app/demos/blog/index.php/site/login
---
